<?xml version="1.0" encoding="UTF-8"?>
<!-- Generated by org.testng.reporters.JUnitReportReporter -->
<testsuite skipped="0" hostname="Admins-MacBook-Pro-2.local" name="testNg.Annotaion" tests="2" failures="0" timestamp="2020-04-04T12:25:20 IST" time="0.029" errors="0">
  <testcase name="test1" time="0.023" classname="testNg.Annotaion"/>
  <testcase name="test2" time="0.006" classname="testNg.Annotaion"/>
</testsuite> <!-- testNg.Annotaion -->
