<?xml version="1.0" encoding="UTF-8"?>
<!-- Generated by org.testng.reporters.JUnitReportReporter -->
<testsuite skipped="0" hostname="Admins-MacBook-Pro-2.local" name="day9.ExceptionHandlingWithSelenium" tests="1" failures="0" timestamp="2020-04-13T09:09:11 IST" time="11.649" errors="0">
  <testcase name="example" time="11.649" classname="day9.ExceptionHandlingWithSelenium"/>
</testsuite> <!-- day9.ExceptionHandlingWithSelenium -->
